Thu Jun 14 18:24:26 [initandlisten] MongoDB starting : pid=36746 port=27017 dbpath=db/mongo 64-bit host=Thomass-MacBook-Air.local
Thu Jun 14 18:24:26 [initandlisten] db version v2.0.3, pdfile version 4.5
Thu Jun 14 18:24:26 [initandlisten] git version: 05bb8aa793660af8fce7e36b510ad48c27439697
Thu Jun 14 18:24:26 [initandlisten] build info: Darwin erh2.10gen.cc 9.8.0 Darwin Kernel Version 9.8.0: Wed Jul 15 16:55:01 PDT 2009; root:xnu-1228.15.4~1/RELEASE_I386 i386 BOOST_LIB_VERSION=1_40
Thu Jun 14 18:24:26 [initandlisten] options: { dbpath: "db/mongo" }
Thu Jun 14 18:24:26 [initandlisten] exception in initAndListen: 10296 dbpath (db/mongo) does not exist, terminating
Thu Jun 14 18:24:26 dbexit: 
Thu Jun 14 18:24:26 [initandlisten] shutdown: going to close listening sockets...
Thu Jun 14 18:24:26 [initandlisten] shutdown: going to flush diaglog...
Thu Jun 14 18:24:26 [initandlisten] shutdown: going to close sockets...
Thu Jun 14 18:24:26 [initandlisten] shutdown: waiting for fs preallocator...
Thu Jun 14 18:24:26 [initandlisten] shutdown: lock for final commit...
Thu Jun 14 18:24:26 [initandlisten] shutdown: final commit...
Thu Jun 14 18:24:26 [initandlisten] shutdown: closing all files...
Thu Jun 14 18:24:26 [initandlisten] closeAllFiles() finished
Thu Jun 14 18:24:26 dbexit: really exiting now
Thu Jun 14 18:24:45 [initandlisten] MongoDB starting : pid=36785 port=27017 dbpath=db/mongo 64-bit host=Thomass-MacBook-Air.local
Thu Jun 14 18:24:45 [initandlisten] db version v2.0.3, pdfile version 4.5
Thu Jun 14 18:24:45 [initandlisten] git version: 05bb8aa793660af8fce7e36b510ad48c27439697
Thu Jun 14 18:24:45 [initandlisten] build info: Darwin erh2.10gen.cc 9.8.0 Darwin Kernel Version 9.8.0: Wed Jul 15 16:55:01 PDT 2009; root:xnu-1228.15.4~1/RELEASE_I386 i386 BOOST_LIB_VERSION=1_40
Thu Jun 14 18:24:45 [initandlisten] options: { dbpath: "db/mongo" }
Thu Jun 14 18:24:45 [initandlisten] journal dir=db/mongo/journal
Thu Jun 14 18:24:45 [initandlisten] recover : no journal files present, no recovery needed
Thu Jun 14 18:24:45 [websvr] admin web console waiting for connections on port 28017
Thu Jun 14 18:24:45 [initandlisten] waiting for connections on port 27017
Thu Jun 14 18:25:45 [clientcursormon] mem (MB) res:14 virt:2434 mapped:0
Thu Jun 14 18:26:05 [initandlisten] connection accepted from 127.0.0.1:50302 #1
Thu Jun 14 18:28:40 [initandlisten] connection accepted from 127.0.0.1:50350 #2
Thu Jun 14 18:28:40 [FileAllocator] allocating new datafile db/mongo/subout_development.ns, filling with zeroes...
Thu Jun 14 18:28:40 [FileAllocator] creating directory db/mongo/_tmp
Thu Jun 14 18:28:40 [FileAllocator] done allocating datafile db/mongo/subout_development.ns, size: 16MB,  took 0.111 secs
Thu Jun 14 18:28:40 [FileAllocator] allocating new datafile db/mongo/subout_development.0, filling with zeroes...
Thu Jun 14 18:28:41 [FileAllocator] done allocating datafile db/mongo/subout_development.0, size: 64MB,  took 0.276 secs
Thu Jun 14 18:28:41 [FileAllocator] allocating new datafile db/mongo/subout_development.1, filling with zeroes...
Thu Jun 14 18:28:41 [conn2] build index subout_development.users { _id: 1 }
Thu Jun 14 18:28:41 [conn2] build index done 0 records 0.008 secs
Thu Jun 14 18:28:41 [conn2] insert subout_development.users 485ms
Thu Jun 14 18:28:42 [FileAllocator] done allocating datafile db/mongo/subout_development.1, size: 128MB,  took 0.856 secs
Thu Jun 14 18:28:42 [conn1] end connection 127.0.0.1:50302
Thu Jun 14 18:28:45 [clientcursormon] mem (MB) res:31 virt:2626 mapped:80
Thu Jun 14 18:33:45 [clientcursormon] mem (MB) res:31 virt:2626 mapped:80
Thu Jun 14 18:38:45 [clientcursormon] mem (MB) res:31 virt:2626 mapped:80
Thu Jun 14 18:43:23 [conn2] end connection 127.0.0.1:50350
